2019-12-01 00:58:03,441 INFO com.rpigreenhouse.RpiGreenhouseApplication Starting RpiGreenhouseApplication on DESKTOP-U4NIDCR with PID 3652 (C:\Projects\rpi-greenhouse\app\target\classes started by Stian in C:\Projects\rpi-greenhouse)
2019-12-01 00:58:03,479 INFO com.rpigreenhouse.RpiGreenhouseApplication The following profiles are active: local
2019-12-01 00:58:06,861 INFO com.zaxxer.hikari.HikariDataSource HikariPool-1 - Starting...
2019-12-01 00:58:07,171 INFO com.zaxxer.hikari.HikariDataSource HikariPool-1 - Start completed.
2019-12-01 00:58:07,350 INFO org.hibernate.jpa.internal.util.LogHelper HHH000204: Processing PersistenceUnitInfo [
	name: default
	...]
2019-12-01 00:58:07,485 INFO org.hibernate.Version HHH000412: Hibernate Core {5.3.10.Final}
2019-12-01 00:58:07,486 INFO org.hibernate.cfg.Environment HHH000206: hibernate.properties not found
2019-12-01 00:58:07,904 INFO org.hibernate.annotations.common.Version HCANN000001: Hibernate Commons Annotations {5.0.4.Final}
2019-12-01 00:58:08,338 INFO org.hibernate.dialect.Dialect HHH000400: Using dialect: org.hibernate.dialect.H2Dialect
2019-12-01 00:58:08,896 INFO org.hibernate.tuple.PojoInstantiator HHH000182: No default (no-argument) constructor for class: com.rpigreenhouse.consumer.WeatherStatus (class must be instantiated by Interceptor)
2019-12-01 00:58:09,366 INFO org.hibernate.tool.schema.internal.SchemaCreatorImpl HHH000476: Executing import script 'org.hibernate.tool.schema.internal.exec.ScriptSourceInputNonExistentImpl@42ffbab6'
2019-12-01 00:58:10,061 INFO org.apache.coyote.http11.Http11NioProtocol Initializing ProtocolHandler ["http-nio-8081"]
2019-12-01 00:58:10,092 INFO org.apache.catalina.core.StandardService Starting service [Tomcat]
2019-12-01 00:58:10,092 INFO org.apache.catalina.core.StandardEngine Starting Servlet engine: [Apache Tomcat/9.0.21]
2019-12-01 00:58:10,227 INFO org.apache.catalina.core.ContainerBase.[Tomcat].[localhost].[/] Initializing Spring embedded WebApplicationContext
2019-12-01 00:58:11,772 INFO org.apache.coyote.http11.Http11NioProtocol Starting ProtocolHandler ["http-nio-8081"]
2019-12-01 00:58:11,801 INFO com.rpigreenhouse.RpiGreenhouseApplication Started RpiGreenhouseApplication in 9.146 seconds (JVM running for 9.946)
2019-12-01 00:58:29,746 INFO com.rpigreenhouse.GreenhouseLogger Setting all pins low
2019-12-01 00:58:29,749 INFO org.hibernate.tool.schema.internal.SchemaDropperImpl$DelayedDropActionImpl HHH000477: Starting delayed evictData of schema as part of SessionFactory shut-down'
2019-12-01 00:58:29,766 INFO com.zaxxer.hikari.HikariDataSource HikariPool-1 - Shutdown initiated...
2019-12-01 00:58:30,066 INFO com.zaxxer.hikari.HikariDataSource HikariPool-1 - Shutdown completed.
2019-12-01 01:10:15,923 INFO com.rpigreenhouse.RpiGreenhouseApplication Starting RpiGreenhouseApplication on DESKTOP-U4NIDCR with PID 13288 (C:\Projects\rpi-greenhouse\app\target\classes started by Stian in C:\Projects\rpi-greenhouse)
2019-12-01 01:10:15,923 INFO com.rpigreenhouse.RpiGreenhouseApplication The following profiles are active: local
2019-12-01 01:10:17,261 INFO com.zaxxer.hikari.HikariDataSource HikariPool-1 - Starting...
2019-12-01 01:10:17,469 INFO com.zaxxer.hikari.HikariDataSource HikariPool-1 - Start completed.
2019-12-01 01:10:17,528 INFO org.hibernate.jpa.internal.util.LogHelper HHH000204: Processing PersistenceUnitInfo [
	name: default
	...]
2019-12-01 01:10:17,577 INFO org.hibernate.Version HHH000412: Hibernate Core {5.3.10.Final}
2019-12-01 01:10:17,577 INFO org.hibernate.cfg.Environment HHH000206: hibernate.properties not found
2019-12-01 01:10:17,708 INFO org.hibernate.annotations.common.Version HCANN000001: Hibernate Commons Annotations {5.0.4.Final}
2019-12-01 01:10:17,971 INFO org.hibernate.dialect.Dialect HHH000400: Using dialect: org.hibernate.dialect.H2Dialect
2019-12-01 01:10:18,300 INFO org.hibernate.tuple.PojoInstantiator HHH000182: No default (no-argument) constructor for class: com.rpigreenhouse.consumer.WeatherStatus (class must be instantiated by Interceptor)
2019-12-01 01:10:18,561 INFO org.hibernate.tool.schema.internal.SchemaCreatorImpl HHH000476: Executing import script 'org.hibernate.tool.schema.internal.exec.ScriptSourceInputNonExistentImpl@69372c1e'
2019-12-01 01:10:18,892 INFO org.apache.coyote.http11.Http11NioProtocol Initializing ProtocolHandler ["http-nio-8081"]
2019-12-01 01:10:18,892 INFO org.apache.catalina.core.StandardService Starting service [Tomcat]
2019-12-01 01:10:18,892 INFO org.apache.catalina.core.StandardEngine Starting Servlet engine: [Apache Tomcat/9.0.21]
2019-12-01 01:10:19,004 INFO org.apache.catalina.core.ContainerBase.[Tomcat].[localhost].[/] Initializing Spring embedded WebApplicationContext
2019-12-01 01:10:19,974 INFO org.apache.coyote.http11.Http11NioProtocol Starting ProtocolHandler ["http-nio-8081"]
2019-12-01 01:10:19,998 INFO com.rpigreenhouse.RpiGreenhouseApplication Started RpiGreenhouseApplication in 4.388 seconds (JVM running for 4.832)
2019-12-01 01:10:31,378 INFO org.apache.catalina.core.ContainerBase.[Tomcat].[localhost].[/] Initializing Spring DispatcherServlet 'dispatcherServlet'
2019-12-01 01:10:31,553 INFO org.hibernate.hql.internal.QueryTranslatorFactoryInitiator HHH000397: Using ASTQueryTranslatorFactory
2019-12-01 01:11:40,871 WARN com.zaxxer.hikari.pool.HikariPool HikariPool-1 - Thread starvation or clock leap detected (housekeeper delta=53s278ms910µs800ns).
2019-12-01 01:11:40,895 INFO com.rpigreenhouse.GreenhouseLogger Setting all pins low
2019-12-01 01:11:40,897 INFO org.hibernate.tool.schema.internal.SchemaDropperImpl$DelayedDropActionImpl HHH000477: Starting delayed evictData of schema as part of SessionFactory shut-down'
2019-12-01 01:11:40,902 WARN org.hibernate.engine.jdbc.spi.SqlExceptionHelper SQL Error: 90121, SQLState: 90121
2019-12-01 01:11:40,903 ERROR org.hibernate.engine.jdbc.spi.SqlExceptionHelper Database is already closed (to disable automatic closing at VM shutdown, add ";DB_CLOSE_ON_EXIT=FALSE" to the db URL) [90121-199]
2019-12-01 01:11:40,904 WARN org.hibernate.engine.jdbc.spi.SqlExceptionHelper SQL Error: 90121, SQLState: 90121
2019-12-01 01:11:40,905 ERROR org.hibernate.engine.jdbc.spi.SqlExceptionHelper Database is already closed (to disable automatic closing at VM shutdown, add ";DB_CLOSE_ON_EXIT=FALSE" to the db URL) [90121-199]
2019-12-01 01:11:40,905 INFO com.zaxxer.hikari.HikariDataSource HikariPool-1 - Shutdown initiated...
2019-12-01 01:11:40,907 INFO com.zaxxer.hikari.HikariDataSource HikariPool-1 - Shutdown completed.
2019-12-01 01:12:15,969 INFO com.rpigreenhouse.RpiGreenhouseApplication Starting RpiGreenhouseApplication on DESKTOP-U4NIDCR with PID 9784 (C:\Projects\rpi-greenhouse\app\target\classes started by Stian in C:\Projects\rpi-greenhouse)
2019-12-01 01:12:15,971 INFO com.rpigreenhouse.RpiGreenhouseApplication The following profiles are active: local
2019-12-01 01:12:17,291 INFO com.zaxxer.hikari.HikariDataSource HikariPool-1 - Starting...
2019-12-01 01:12:17,501 INFO com.zaxxer.hikari.HikariDataSource HikariPool-1 - Start completed.
2019-12-01 01:12:17,560 INFO org.hibernate.jpa.internal.util.LogHelper HHH000204: Processing PersistenceUnitInfo [
	name: default
	...]
2019-12-01 01:12:17,617 INFO org.hibernate.Version HHH000412: Hibernate Core {5.3.10.Final}
2019-12-01 01:12:17,618 INFO org.hibernate.cfg.Environment HHH000206: hibernate.properties not found
2019-12-01 01:12:17,737 INFO org.hibernate.annotations.common.Version HCANN000001: Hibernate Commons Annotations {5.0.4.Final}
2019-12-01 01:12:17,993 INFO org.hibernate.dialect.Dialect HHH000400: Using dialect: org.hibernate.dialect.H2Dialect
2019-12-01 01:12:18,319 INFO org.hibernate.tuple.PojoInstantiator HHH000182: No default (no-argument) constructor for class: com.rpigreenhouse.consumer.WeatherStatus (class must be instantiated by Interceptor)
2019-12-01 01:12:18,577 INFO org.hibernate.tool.schema.internal.SchemaCreatorImpl HHH000476: Executing import script 'org.hibernate.tool.schema.internal.exec.ScriptSourceInputNonExistentImpl@5d5cd210'
2019-12-01 01:12:18,907 INFO org.apache.coyote.http11.Http11NioProtocol Initializing ProtocolHandler ["http-nio-8081"]
2019-12-01 01:12:18,907 INFO org.apache.catalina.core.StandardService Starting service [Tomcat]
2019-12-01 01:12:18,907 INFO org.apache.catalina.core.StandardEngine Starting Servlet engine: [Apache Tomcat/9.0.21]
2019-12-01 01:12:19,017 INFO org.apache.catalina.core.ContainerBase.[Tomcat].[localhost].[/] Initializing Spring embedded WebApplicationContext
2019-12-01 01:12:19,991 INFO org.apache.coyote.http11.Http11NioProtocol Starting ProtocolHandler ["http-nio-8081"]
2019-12-01 01:12:20,014 INFO com.rpigreenhouse.RpiGreenhouseApplication Started RpiGreenhouseApplication in 4.358 seconds (JVM running for 4.804)
2019-12-01 01:12:27,751 INFO com.rpigreenhouse.GreenhouseLogger Setting all pins low
2019-12-01 01:12:27,753 INFO org.hibernate.tool.schema.internal.SchemaDropperImpl$DelayedDropActionImpl HHH000477: Starting delayed evictData of schema as part of SessionFactory shut-down'
2019-12-01 01:12:27,768 INFO com.zaxxer.hikari.HikariDataSource HikariPool-1 - Shutdown initiated...
2019-12-01 01:12:28,025 INFO com.zaxxer.hikari.HikariDataSource HikariPool-1 - Shutdown completed.
2019-12-01 01:12:49,893 INFO com.rpigreenhouse.RpiGreenhouseApplication Starting RpiGreenhouseApplication on DESKTOP-U4NIDCR with PID 9944 (C:\Projects\rpi-greenhouse\app\target\classes started by Stian in C:\Projects\rpi-greenhouse)
2019-12-01 01:12:49,893 INFO com.rpigreenhouse.RpiGreenhouseApplication The following profiles are active: local
2019-12-01 01:12:51,235 INFO com.zaxxer.hikari.HikariDataSource HikariPool-1 - Starting...
2019-12-01 01:12:51,478 INFO com.zaxxer.hikari.HikariDataSource HikariPool-1 - Start completed.
2019-12-01 01:12:51,537 INFO org.hibernate.jpa.internal.util.LogHelper HHH000204: Processing PersistenceUnitInfo [
	name: default
	...]
2019-12-01 01:12:51,593 INFO org.hibernate.Version HHH000412: Hibernate Core {5.3.10.Final}
2019-12-01 01:12:51,593 INFO org.hibernate.cfg.Environment HHH000206: hibernate.properties not found
2019-12-01 01:12:51,716 INFO org.hibernate.annotations.common.Version HCANN000001: Hibernate Commons Annotations {5.0.4.Final}
2019-12-01 01:12:51,978 INFO org.hibernate.dialect.Dialect HHH000400: Using dialect: org.hibernate.dialect.H2Dialect
2019-12-01 01:12:52,350 INFO org.hibernate.tuple.PojoInstantiator HHH000182: No default (no-argument) constructor for class: com.rpigreenhouse.consumer.WeatherStatus (class must be instantiated by Interceptor)
2019-12-01 01:12:52,632 INFO org.hibernate.tool.schema.internal.SchemaCreatorImpl HHH000476: Executing import script 'org.hibernate.tool.schema.internal.exec.ScriptSourceInputNonExistentImpl@70aa58e1'
2019-12-01 01:12:53,013 INFO org.apache.coyote.http11.Http11NioProtocol Initializing ProtocolHandler ["http-nio-8081"]
2019-12-01 01:12:53,021 INFO org.apache.catalina.core.StandardService Starting service [Tomcat]
2019-12-01 01:12:53,022 INFO org.apache.catalina.core.StandardEngine Starting Servlet engine: [Apache Tomcat/9.0.21]
2019-12-01 01:12:53,124 INFO org.apache.catalina.core.ContainerBase.[Tomcat].[localhost].[/] Initializing Spring embedded WebApplicationContext
2019-12-01 01:12:54,042 INFO org.apache.coyote.http11.Http11NioProtocol Starting ProtocolHandler ["http-nio-8081"]
2019-12-01 01:12:54,062 INFO com.rpigreenhouse.RpiGreenhouseApplication Started RpiGreenhouseApplication in 4.501 seconds (JVM running for 4.939)
2019-12-01 01:13:01,407 INFO com.rpigreenhouse.GreenhouseLogger Setting all pins low
2019-12-01 01:13:01,409 INFO org.hibernate.tool.schema.internal.SchemaDropperImpl$DelayedDropActionImpl HHH000477: Starting delayed evictData of schema as part of SessionFactory shut-down'
2019-12-01 01:13:01,423 INFO com.zaxxer.hikari.HikariDataSource HikariPool-1 - Shutdown initiated...
2019-12-01 01:13:01,686 INFO com.zaxxer.hikari.HikariDataSource HikariPool-1 - Shutdown completed.
2019-12-01 01:14:04,487 INFO com.rpigreenhouse.RpiGreenhouseApplication Starting RpiGreenhouseApplication on DESKTOP-U4NIDCR with PID 14664 (C:\Projects\rpi-greenhouse\app\target\classes started by Stian in C:\Projects\rpi-greenhouse)
2019-12-01 01:14:04,490 INFO com.rpigreenhouse.RpiGreenhouseApplication The following profiles are active: local
2019-12-01 01:14:05,829 INFO com.zaxxer.hikari.HikariDataSource HikariPool-1 - Starting...
2019-12-01 01:14:06,047 INFO com.zaxxer.hikari.HikariDataSource HikariPool-1 - Start completed.
2019-12-01 01:14:06,092 INFO org.hibernate.jpa.internal.util.LogHelper HHH000204: Processing PersistenceUnitInfo [
	name: default
	...]
2019-12-01 01:14:06,155 INFO org.hibernate.Version HHH000412: Hibernate Core {5.3.10.Final}
2019-12-01 01:14:06,155 INFO org.hibernate.cfg.Environment HHH000206: hibernate.properties not found
2019-12-01 01:14:06,286 INFO org.hibernate.annotations.common.Version HCANN000001: Hibernate Commons Annotations {5.0.4.Final}
2019-12-01 01:14:06,543 INFO org.hibernate.dialect.Dialect HHH000400: Using dialect: org.hibernate.dialect.H2Dialect
2019-12-01 01:14:06,860 INFO org.hibernate.tuple.PojoInstantiator HHH000182: No default (no-argument) constructor for class: com.rpigreenhouse.consumer.WeatherStatus (class must be instantiated by Interceptor)
2019-12-01 01:14:07,128 INFO org.hibernate.tool.schema.internal.SchemaCreatorImpl HHH000476: Executing import script 'org.hibernate.tool.schema.internal.exec.ScriptSourceInputNonExistentImpl@6c2dd88b'
2019-12-01 01:14:07,469 INFO org.apache.coyote.http11.Http11NioProtocol Initializing ProtocolHandler ["http-nio-8081"]
2019-12-01 01:14:07,478 INFO org.apache.catalina.core.StandardService Starting service [Tomcat]
2019-12-01 01:14:07,478 INFO org.apache.catalina.core.StandardEngine Starting Servlet engine: [Apache Tomcat/9.0.21]
2019-12-01 01:14:07,561 INFO org.apache.catalina.core.ContainerBase.[Tomcat].[localhost].[/] Initializing Spring embedded WebApplicationContext
2019-12-01 01:14:08,547 INFO org.apache.coyote.http11.Http11NioProtocol Starting ProtocolHandler ["http-nio-8081"]
2019-12-01 01:14:08,572 INFO com.rpigreenhouse.RpiGreenhouseApplication Started RpiGreenhouseApplication in 4.402 seconds (JVM running for 4.841)
2019-12-01 01:14:25,661 INFO org.apache.catalina.core.ContainerBase.[Tomcat].[localhost].[/] Initializing Spring DispatcherServlet 'dispatcherServlet'
2019-12-01 01:14:56,239 INFO org.hibernate.hql.internal.QueryTranslatorFactoryInitiator HHH000397: Using ASTQueryTranslatorFactory
2019-12-01 01:19:24,592 INFO com.rpigreenhouse.GreenhouseLogger Setting all pins low
2019-12-01 01:19:24,592 INFO org.hibernate.tool.schema.internal.SchemaDropperImpl$DelayedDropActionImpl HHH000477: Starting delayed evictData of schema as part of SessionFactory shut-down'
2019-12-01 01:19:24,620 INFO com.zaxxer.hikari.HikariDataSource HikariPool-1 - Shutdown initiated...
2019-12-01 01:19:24,876 INFO com.zaxxer.hikari.HikariDataSource HikariPool-1 - Shutdown completed.
2019-12-01 01:19:28,149 INFO com.rpigreenhouse.RpiGreenhouseApplication Starting RpiGreenhouseApplication on DESKTOP-U4NIDCR with PID 8304 (C:\Projects\rpi-greenhouse\app\target\classes started by Stian in C:\Projects\rpi-greenhouse)
2019-12-01 01:19:28,152 INFO com.rpigreenhouse.RpiGreenhouseApplication The following profiles are active: local
2019-12-01 01:19:29,443 INFO com.zaxxer.hikari.HikariDataSource HikariPool-1 - Starting...
2019-12-01 01:19:29,640 INFO com.zaxxer.hikari.HikariDataSource HikariPool-1 - Start completed.
2019-12-01 01:19:29,686 INFO org.hibernate.jpa.internal.util.LogHelper HHH000204: Processing PersistenceUnitInfo [
	name: default
	...]
2019-12-01 01:19:29,751 INFO org.hibernate.Version HHH000412: Hibernate Core {5.3.10.Final}
2019-12-01 01:19:29,753 INFO org.hibernate.cfg.Environment HHH000206: hibernate.properties not found
2019-12-01 01:19:29,862 INFO org.hibernate.annotations.common.Version HCANN000001: Hibernate Commons Annotations {5.0.4.Final}
2019-12-01 01:19:30,133 INFO org.hibernate.dialect.Dialect HHH000400: Using dialect: org.hibernate.dialect.H2Dialect
2019-12-01 01:19:30,461 INFO org.hibernate.tuple.PojoInstantiator HHH000182: No default (no-argument) constructor for class: com.rpigreenhouse.consumer.WeatherStatus (class must be instantiated by Interceptor)
2019-12-01 01:19:30,715 INFO org.hibernate.tool.schema.internal.SchemaCreatorImpl HHH000476: Executing import script 'org.hibernate.tool.schema.internal.exec.ScriptSourceInputNonExistentImpl@764db16c'
2019-12-01 01:19:31,046 INFO org.apache.coyote.http11.Http11NioProtocol Initializing ProtocolHandler ["http-nio-8081"]
2019-12-01 01:19:31,055 INFO org.apache.catalina.core.StandardService Starting service [Tomcat]
2019-12-01 01:19:31,056 INFO org.apache.catalina.core.StandardEngine Starting Servlet engine: [Apache Tomcat/9.0.21]
2019-12-01 01:19:31,148 INFO org.apache.catalina.core.ContainerBase.[Tomcat].[localhost].[/] Initializing Spring embedded WebApplicationContext
2019-12-01 01:19:32,128 INFO org.apache.coyote.http11.Http11NioProtocol Starting ProtocolHandler ["http-nio-8081"]
2019-12-01 01:19:32,151 INFO com.rpigreenhouse.RpiGreenhouseApplication Started RpiGreenhouseApplication in 4.322 seconds (JVM running for 4.75)
2019-12-01 01:19:59,366 INFO com.rpigreenhouse.GreenhouseLogger Setting all pins low
2019-12-01 01:19:59,366 INFO org.hibernate.tool.schema.internal.SchemaDropperImpl$DelayedDropActionImpl HHH000477: Starting delayed evictData of schema as part of SessionFactory shut-down'
2019-12-01 01:19:59,382 INFO com.zaxxer.hikari.HikariDataSource HikariPool-1 - Shutdown initiated...
2019-12-01 01:19:59,650 INFO com.zaxxer.hikari.HikariDataSource HikariPool-1 - Shutdown completed.
2019-12-01 01:20:01,976 INFO com.rpigreenhouse.RpiGreenhouseApplication Starting RpiGreenhouseApplication on DESKTOP-U4NIDCR with PID 8212 (C:\Projects\rpi-greenhouse\app\target\classes started by Stian in C:\Projects\rpi-greenhouse)
2019-12-01 01:20:01,978 INFO com.rpigreenhouse.RpiGreenhouseApplication The following profiles are active: local
2019-12-01 01:20:03,268 INFO com.zaxxer.hikari.HikariDataSource HikariPool-1 - Starting...
2019-12-01 01:20:03,457 INFO com.zaxxer.hikari.HikariDataSource HikariPool-1 - Start completed.
2019-12-01 01:20:03,516 INFO org.hibernate.jpa.internal.util.LogHelper HHH000204: Processing PersistenceUnitInfo [
	name: default
	...]
2019-12-01 01:20:03,561 INFO org.hibernate.Version HHH000412: Hibernate Core {5.3.10.Final}
2019-12-01 01:20:03,561 INFO org.hibernate.cfg.Environment HHH000206: hibernate.properties not found
2019-12-01 01:20:03,686 INFO org.hibernate.annotations.common.Version HCANN000001: Hibernate Commons Annotations {5.0.4.Final}
2019-12-01 01:20:03,948 INFO org.hibernate.dialect.Dialect HHH000400: Using dialect: org.hibernate.dialect.H2Dialect
2019-12-01 01:20:04,266 INFO org.hibernate.tuple.PojoInstantiator HHH000182: No default (no-argument) constructor for class: com.rpigreenhouse.consumer.WeatherStatus (class must be instantiated by Interceptor)
2019-12-01 01:20:04,521 INFO org.hibernate.tool.schema.internal.SchemaCreatorImpl HHH000476: Executing import script 'org.hibernate.tool.schema.internal.exec.ScriptSourceInputNonExistentImpl@86bf90b'
2019-12-01 01:20:04,845 INFO org.apache.coyote.http11.Http11NioProtocol Initializing ProtocolHandler ["http-nio-8081"]
2019-12-01 01:20:04,845 INFO org.apache.catalina.core.StandardService Starting service [Tomcat]
2019-12-01 01:20:04,845 INFO org.apache.catalina.core.StandardEngine Starting Servlet engine: [Apache Tomcat/9.0.21]
2019-12-01 01:20:04,952 INFO org.apache.catalina.core.ContainerBase.[Tomcat].[localhost].[/] Initializing Spring embedded WebApplicationContext
2019-12-01 01:20:35,481 INFO org.apache.coyote.http11.Http11NioProtocol Starting ProtocolHandler ["http-nio-8081"]
2019-12-01 01:20:35,503 INFO com.rpigreenhouse.RpiGreenhouseApplication Started RpiGreenhouseApplication in 33.849 seconds (JVM running for 34.291)
2019-12-01 01:20:55,773 INFO com.rpigreenhouse.GreenhouseLogger Setting all pins low
2019-12-01 01:20:55,775 INFO org.hibernate.tool.schema.internal.SchemaDropperImpl$DelayedDropActionImpl HHH000477: Starting delayed evictData of schema as part of SessionFactory shut-down'
2019-12-01 01:20:55,782 INFO com.zaxxer.hikari.HikariDataSource HikariPool-1 - Shutdown initiated...
2019-12-01 01:20:56,033 INFO com.zaxxer.hikari.HikariDataSource HikariPool-1 - Shutdown completed.
2019-12-01 01:20:59,014 INFO com.rpigreenhouse.RpiGreenhouseApplication Starting RpiGreenhouseApplication on DESKTOP-U4NIDCR with PID 13864 (C:\Projects\rpi-greenhouse\app\target\classes started by Stian in C:\Projects\rpi-greenhouse)
2019-12-01 01:20:59,016 INFO com.rpigreenhouse.RpiGreenhouseApplication The following profiles are active: local
2019-12-01 01:21:00,298 INFO com.zaxxer.hikari.HikariDataSource HikariPool-1 - Starting...
2019-12-01 01:21:00,491 INFO com.zaxxer.hikari.HikariDataSource HikariPool-1 - Start completed.
2019-12-01 01:21:00,547 INFO org.hibernate.jpa.internal.util.LogHelper HHH000204: Processing PersistenceUnitInfo [
	name: default
	...]
2019-12-01 01:21:00,593 INFO org.hibernate.Version HHH000412: Hibernate Core {5.3.10.Final}
2019-12-01 01:21:00,593 INFO org.hibernate.cfg.Environment HHH000206: hibernate.properties not found
2019-12-01 01:21:00,719 INFO org.hibernate.annotations.common.Version HCANN000001: Hibernate Commons Annotations {5.0.4.Final}
2019-12-01 01:21:00,976 INFO org.hibernate.dialect.Dialect HHH000400: Using dialect: org.hibernate.dialect.H2Dialect
2019-12-01 01:21:01,296 INFO org.hibernate.tuple.PojoInstantiator HHH000182: No default (no-argument) constructor for class: com.rpigreenhouse.consumer.WeatherStatus (class must be instantiated by Interceptor)
2019-12-01 01:21:01,548 INFO org.hibernate.tool.schema.internal.SchemaCreatorImpl HHH000476: Executing import script 'org.hibernate.tool.schema.internal.exec.ScriptSourceInputNonExistentImpl@433b1597'
2019-12-01 01:21:01,862 INFO org.apache.coyote.http11.Http11NioProtocol Initializing ProtocolHandler ["http-nio-8081"]
2019-12-01 01:21:01,877 INFO org.apache.catalina.core.StandardService Starting service [Tomcat]
2019-12-01 01:21:01,877 INFO org.apache.catalina.core.StandardEngine Starting Servlet engine: [Apache Tomcat/9.0.21]
2019-12-01 01:21:01,977 INFO org.apache.catalina.core.ContainerBase.[Tomcat].[localhost].[/] Initializing Spring embedded WebApplicationContext
2019-12-01 01:21:04,982 INFO org.apache.coyote.http11.Http11NioProtocol Starting ProtocolHandler ["http-nio-8081"]
2019-12-01 01:21:05,004 INFO com.rpigreenhouse.RpiGreenhouseApplication Started RpiGreenhouseApplication in 6.289 seconds (JVM running for 6.722)
2019-12-01 01:22:54,529 INFO com.rpigreenhouse.GreenhouseLogger Setting all pins low
2019-12-01 01:22:54,532 INFO org.hibernate.tool.schema.internal.SchemaDropperImpl$DelayedDropActionImpl HHH000477: Starting delayed evictData of schema as part of SessionFactory shut-down'
2019-12-01 01:22:54,546 INFO com.zaxxer.hikari.HikariDataSource HikariPool-1 - Shutdown initiated...
2019-12-01 01:22:54,815 INFO com.zaxxer.hikari.HikariDataSource HikariPool-1 - Shutdown completed.
2019-12-01 01:22:58,687 INFO com.rpigreenhouse.RpiGreenhouseApplication Starting RpiGreenhouseApplication on DESKTOP-U4NIDCR with PID 11576 (C:\Projects\rpi-greenhouse\app\target\classes started by Stian in C:\Projects\rpi-greenhouse)
2019-12-01 01:22:58,687 INFO com.rpigreenhouse.RpiGreenhouseApplication The following profiles are active: local
2019-12-01 01:22:59,980 INFO com.zaxxer.hikari.HikariDataSource HikariPool-1 - Starting...
2019-12-01 01:23:00,170 INFO com.zaxxer.hikari.HikariDataSource HikariPool-1 - Start completed.
2019-12-01 01:23:00,241 INFO org.hibernate.jpa.internal.util.LogHelper HHH000204: Processing PersistenceUnitInfo [
	name: default
	...]
2019-12-01 01:23:00,297 INFO org.hibernate.Version HHH000412: Hibernate Core {5.3.10.Final}
2019-12-01 01:23:00,298 INFO org.hibernate.cfg.Environment HHH000206: hibernate.properties not found
2019-12-01 01:23:00,412 INFO org.hibernate.annotations.common.Version HCANN000001: Hibernate Commons Annotations {5.0.4.Final}
2019-12-01 01:23:00,655 INFO org.hibernate.dialect.Dialect HHH000400: Using dialect: org.hibernate.dialect.H2Dialect
2019-12-01 01:23:00,985 INFO org.hibernate.tuple.PojoInstantiator HHH000182: No default (no-argument) constructor for class: com.rpigreenhouse.consumer.WeatherStatus (class must be instantiated by Interceptor)
2019-12-01 01:23:01,240 INFO org.hibernate.tool.schema.internal.SchemaCreatorImpl HHH000476: Executing import script 'org.hibernate.tool.schema.internal.exec.ScriptSourceInputNonExistentImpl@4b511e61'
2019-12-01 01:23:01,577 INFO org.apache.coyote.http11.Http11NioProtocol Initializing ProtocolHandler ["http-nio-8081"]
2019-12-01 01:23:01,577 INFO org.apache.catalina.core.StandardService Starting service [Tomcat]
2019-12-01 01:23:01,577 INFO org.apache.catalina.core.StandardEngine Starting Servlet engine: [Apache Tomcat/9.0.21]
2019-12-01 01:23:01,685 INFO org.apache.catalina.core.ContainerBase.[Tomcat].[localhost].[/] Initializing Spring embedded WebApplicationContext
2019-12-01 01:23:02,623 INFO org.apache.coyote.http11.Http11NioProtocol Starting ProtocolHandler ["http-nio-8081"]
2019-12-01 01:23:02,645 INFO com.rpigreenhouse.RpiGreenhouseApplication Started RpiGreenhouseApplication in 4.243 seconds (JVM running for 4.679)
2019-12-01 01:28:30,030 INFO com.rpigreenhouse.GreenhouseLogger Setting all pins low
2019-12-01 01:28:30,033 INFO org.hibernate.tool.schema.internal.SchemaDropperImpl$DelayedDropActionImpl HHH000477: Starting delayed evictData of schema as part of SessionFactory shut-down'
2019-12-01 01:28:30,049 INFO com.zaxxer.hikari.HikariDataSource HikariPool-1 - Shutdown initiated...
2019-12-01 01:28:30,304 INFO com.zaxxer.hikari.HikariDataSource HikariPool-1 - Shutdown completed.
2019-12-01 01:28:34,186 INFO com.rpigreenhouse.RpiGreenhouseApplication Starting RpiGreenhouseApplication on DESKTOP-U4NIDCR with PID 5332 (C:\Projects\rpi-greenhouse\app\target\classes started by Stian in C:\Projects\rpi-greenhouse)
2019-12-01 01:28:34,186 INFO com.rpigreenhouse.RpiGreenhouseApplication The following profiles are active: local
2019-12-01 01:28:35,551 INFO com.zaxxer.hikari.HikariDataSource HikariPool-1 - Starting...
2019-12-01 01:28:35,738 INFO com.zaxxer.hikari.HikariDataSource HikariPool-1 - Start completed.
2019-12-01 01:28:35,782 INFO org.hibernate.jpa.internal.util.LogHelper HHH000204: Processing PersistenceUnitInfo [
	name: default
	...]
2019-12-01 01:28:35,845 INFO org.hibernate.Version HHH000412: Hibernate Core {5.3.10.Final}
2019-12-01 01:28:35,845 INFO org.hibernate.cfg.Environment HHH000206: hibernate.properties not found
2019-12-01 01:28:35,973 INFO org.hibernate.annotations.common.Version HCANN000001: Hibernate Commons Annotations {5.0.4.Final}
2019-12-01 01:28:36,230 INFO org.hibernate.dialect.Dialect HHH000400: Using dialect: org.hibernate.dialect.H2Dialect
2019-12-01 01:28:36,558 INFO org.hibernate.tuple.PojoInstantiator HHH000182: No default (no-argument) constructor for class: com.rpigreenhouse.consumer.WeatherStatus (class must be instantiated by Interceptor)
2019-12-01 01:28:36,846 INFO org.hibernate.tool.schema.internal.SchemaCreatorImpl HHH000476: Executing import script 'org.hibernate.tool.schema.internal.exec.ScriptSourceInputNonExistentImpl@71df5f30'
2019-12-01 01:28:37,176 INFO org.apache.coyote.http11.Http11NioProtocol Initializing ProtocolHandler ["http-nio-8081"]
2019-12-01 01:28:37,184 INFO org.apache.catalina.core.StandardService Starting service [Tomcat]
2019-12-01 01:28:37,185 INFO org.apache.catalina.core.StandardEngine Starting Servlet engine: [Apache Tomcat/9.0.21]
2019-12-01 01:28:37,289 INFO org.apache.catalina.core.ContainerBase.[Tomcat].[localhost].[/] Initializing Spring embedded WebApplicationContext
2019-12-01 01:28:38,441 INFO org.apache.coyote.http11.Http11NioProtocol Starting ProtocolHandler ["http-nio-8081"]
2019-12-01 01:28:38,466 INFO com.rpigreenhouse.RpiGreenhouseApplication Started RpiGreenhouseApplication in 4.59 seconds (JVM running for 5.01)
2019-12-01 01:28:45,735 INFO com.rpigreenhouse.GreenhouseLogger Setting all pins low
2019-12-01 01:28:45,737 INFO org.hibernate.tool.schema.internal.SchemaDropperImpl$DelayedDropActionImpl HHH000477: Starting delayed evictData of schema as part of SessionFactory shut-down'
2019-12-01 01:28:45,750 INFO com.zaxxer.hikari.HikariDataSource HikariPool-1 - Shutdown initiated...
2019-12-01 01:28:46,006 INFO com.zaxxer.hikari.HikariDataSource HikariPool-1 - Shutdown completed.
2019-12-01 01:28:55,035 INFO com.rpigreenhouse.RpiGreenhouseApplication Starting RpiGreenhouseApplication on DESKTOP-U4NIDCR with PID 16812 (C:\Projects\rpi-greenhouse\app\target\classes started by Stian in C:\Projects\rpi-greenhouse)
2019-12-01 01:28:55,037 INFO com.rpigreenhouse.RpiGreenhouseApplication The following profiles are active: local
2019-12-01 01:28:56,361 INFO com.zaxxer.hikari.HikariDataSource HikariPool-1 - Starting...
2019-12-01 01:28:56,548 INFO com.zaxxer.hikari.HikariDataSource HikariPool-1 - Start completed.
2019-12-01 01:28:56,592 INFO org.hibernate.jpa.internal.util.LogHelper HHH000204: Processing PersistenceUnitInfo [
	name: default
	...]
2019-12-01 01:28:56,656 INFO org.hibernate.Version HHH000412: Hibernate Core {5.3.10.Final}
2019-12-01 01:28:56,656 INFO org.hibernate.cfg.Environment HHH000206: hibernate.properties not found
2019-12-01 01:28:56,780 INFO org.hibernate.annotations.common.Version HCANN000001: Hibernate Commons Annotations {5.0.4.Final}
2019-12-01 01:28:57,039 INFO org.hibernate.dialect.Dialect HHH000400: Using dialect: org.hibernate.dialect.H2Dialect
2019-12-01 01:28:57,361 INFO org.hibernate.tuple.PojoInstantiator HHH000182: No default (no-argument) constructor for class: com.rpigreenhouse.consumer.WeatherStatus (class must be instantiated by Interceptor)
2019-12-01 01:28:57,615 INFO org.hibernate.tool.schema.internal.SchemaCreatorImpl HHH000476: Executing import script 'org.hibernate.tool.schema.internal.exec.ScriptSourceInputNonExistentImpl@62cf86d6'
2019-12-01 01:28:57,939 INFO org.apache.coyote.http11.Http11NioProtocol Initializing ProtocolHandler ["http-nio-8081"]
2019-12-01 01:28:57,948 INFO org.apache.catalina.core.StandardService Starting service [Tomcat]
2019-12-01 01:28:57,949 INFO org.apache.catalina.core.StandardEngine Starting Servlet engine: [Apache Tomcat/9.0.21]
2019-12-01 01:28:58,044 INFO org.apache.catalina.core.ContainerBase.[Tomcat].[localhost].[/] Initializing Spring embedded WebApplicationContext
2019-12-01 01:28:59,006 INFO org.apache.coyote.http11.Http11NioProtocol Starting ProtocolHandler ["http-nio-8081"]
2019-12-01 01:28:59,026 INFO com.rpigreenhouse.RpiGreenhouseApplication Started RpiGreenhouseApplication in 4.294 seconds (JVM running for 4.726)
2019-12-01 01:31:05,042 INFO com.rpigreenhouse.GreenhouseLogger Setting all pins low
2019-12-01 01:31:05,044 INFO org.hibernate.tool.schema.internal.SchemaDropperImpl$DelayedDropActionImpl HHH000477: Starting delayed evictData of schema as part of SessionFactory shut-down'
2019-12-01 01:31:05,061 INFO com.zaxxer.hikari.HikariDataSource HikariPool-1 - Shutdown initiated...
2019-12-01 01:31:05,318 INFO com.zaxxer.hikari.HikariDataSource HikariPool-1 - Shutdown completed.
2019-12-01 01:31:08,255 INFO com.rpigreenhouse.RpiGreenhouseApplication Starting RpiGreenhouseApplication on DESKTOP-U4NIDCR with PID 15012 (C:\Projects\rpi-greenhouse\app\target\classes started by Stian in C:\Projects\rpi-greenhouse)
2019-12-01 01:31:08,257 INFO com.rpigreenhouse.RpiGreenhouseApplication The following profiles are active: local
2019-12-01 01:31:09,522 INFO com.zaxxer.hikari.HikariDataSource HikariPool-1 - Starting...
2019-12-01 01:31:09,706 INFO com.zaxxer.hikari.HikariDataSource HikariPool-1 - Start completed.
2019-12-01 01:31:09,761 INFO org.hibernate.jpa.internal.util.LogHelper HHH000204: Processing PersistenceUnitInfo [
	name: default
	...]
2019-12-01 01:31:09,804 INFO org.hibernate.Version HHH000412: Hibernate Core {5.3.10.Final}
2019-12-01 01:31:09,804 INFO org.hibernate.cfg.Environment HHH000206: hibernate.properties not found
2019-12-01 01:31:09,932 INFO org.hibernate.annotations.common.Version HCANN000001: Hibernate Commons Annotations {5.0.4.Final}
2019-12-01 01:31:10,172 INFO org.hibernate.dialect.Dialect HHH000400: Using dialect: org.hibernate.dialect.H2Dialect
2019-12-01 01:31:10,516 INFO org.hibernate.tuple.PojoInstantiator HHH000182: No default (no-argument) constructor for class: com.rpigreenhouse.consumer.WeatherStatus (class must be instantiated by Interceptor)
2019-12-01 01:31:10,769 INFO org.hibernate.tool.schema.internal.SchemaCreatorImpl HHH000476: Executing import script 'org.hibernate.tool.schema.internal.exec.ScriptSourceInputNonExistentImpl@19c1f6f4'
2019-12-01 01:31:11,094 INFO org.apache.coyote.http11.Http11NioProtocol Initializing ProtocolHandler ["http-nio-8081"]
2019-12-01 01:31:11,094 INFO org.apache.catalina.core.StandardService Starting service [Tomcat]
2019-12-01 01:31:11,094 INFO org.apache.catalina.core.StandardEngine Starting Servlet engine: [Apache Tomcat/9.0.21]
2019-12-01 01:31:11,202 INFO org.apache.catalina.core.ContainerBase.[Tomcat].[localhost].[/] Initializing Spring embedded WebApplicationContext
2019-12-01 01:31:12,137 INFO org.apache.coyote.http11.Http11NioProtocol Starting ProtocolHandler ["http-nio-8081"]
2019-12-01 01:31:12,154 INFO com.rpigreenhouse.RpiGreenhouseApplication Started RpiGreenhouseApplication in 4.204 seconds (JVM running for 4.635)
2019-12-01 01:31:22,293 INFO com.rpigreenhouse.GreenhouseLogger Setting all pins low
2019-12-01 01:31:22,297 INFO org.hibernate.tool.schema.internal.SchemaDropperImpl$DelayedDropActionImpl HHH000477: Starting delayed evictData of schema as part of SessionFactory shut-down'
2019-12-01 01:31:22,314 INFO com.zaxxer.hikari.HikariDataSource HikariPool-1 - Shutdown initiated...
2019-12-01 01:31:22,578 INFO com.zaxxer.hikari.HikariDataSource HikariPool-1 - Shutdown completed.
2019-12-01 01:31:45,923 INFO com.rpigreenhouse.RpiGreenhouseApplication Starting RpiGreenhouseApplication on DESKTOP-U4NIDCR with PID 6300 (C:\Projects\rpi-greenhouse\app\target\classes started by Stian in C:\Projects\rpi-greenhouse)
2019-12-01 01:31:45,938 INFO com.rpigreenhouse.RpiGreenhouseApplication The following profiles are active: local
2019-12-01 01:31:47,294 INFO com.zaxxer.hikari.HikariDataSource HikariPool-1 - Starting...
2019-12-01 01:31:47,521 INFO com.zaxxer.hikari.HikariDataSource HikariPool-1 - Start completed.
2019-12-01 01:31:47,577 INFO org.hibernate.jpa.internal.util.LogHelper HHH000204: Processing PersistenceUnitInfo [
	name: default
	...]
2019-12-01 01:31:47,631 INFO org.hibernate.Version HHH000412: Hibernate Core {5.3.10.Final}
2019-12-01 01:31:47,632 INFO org.hibernate.cfg.Environment HHH000206: hibernate.properties not found
2019-12-01 01:31:47,752 INFO org.hibernate.annotations.common.Version HCANN000001: Hibernate Commons Annotations {5.0.4.Final}
2019-12-01 01:31:48,016 INFO org.hibernate.dialect.Dialect HHH000400: Using dialect: org.hibernate.dialect.H2Dialect
2019-12-01 01:31:48,334 INFO org.hibernate.tuple.PojoInstantiator HHH000182: No default (no-argument) constructor for class: com.rpigreenhouse.consumer.WeatherStatus (class must be instantiated by Interceptor)
2019-12-01 01:31:48,592 INFO org.hibernate.tool.schema.internal.SchemaCreatorImpl HHH000476: Executing import script 'org.hibernate.tool.schema.internal.exec.ScriptSourceInputNonExistentImpl@30e143ff'
2019-12-01 01:31:48,965 INFO org.apache.coyote.http11.Http11NioProtocol Initializing ProtocolHandler ["http-nio-8081"]
2019-12-01 01:31:48,975 INFO org.apache.catalina.core.StandardService Starting service [Tomcat]
2019-12-01 01:31:48,976 INFO org.apache.catalina.core.StandardEngine Starting Servlet engine: [Apache Tomcat/9.0.21]
2019-12-01 01:31:49,061 INFO org.apache.catalina.core.ContainerBase.[Tomcat].[localhost].[/] Initializing Spring embedded WebApplicationContext
2019-12-01 01:31:49,999 INFO org.apache.coyote.http11.Http11NioProtocol Starting ProtocolHandler ["http-nio-8081"]
2019-12-01 01:31:50,019 INFO com.rpigreenhouse.RpiGreenhouseApplication Started RpiGreenhouseApplication in 4.389 seconds (JVM running for 4.826)
2019-12-01 01:32:44,529 INFO com.rpigreenhouse.GreenhouseLogger Setting all pins low
2019-12-01 01:32:44,532 INFO org.hibernate.tool.schema.internal.SchemaDropperImpl$DelayedDropActionImpl HHH000477: Starting delayed evictData of schema as part of SessionFactory shut-down'
2019-12-01 01:32:44,545 INFO com.zaxxer.hikari.HikariDataSource HikariPool-1 - Shutdown initiated...
2019-12-01 01:32:44,814 INFO com.zaxxer.hikari.HikariDataSource HikariPool-1 - Shutdown completed.
2019-12-01 10:10:41,572 INFO com.rpigreenhouse.RpiGreenhouseApplication Starting RpiGreenhouseApplication on DESKTOP-U4NIDCR with PID 16324 (C:\Projects\rpi-greenhouse\app\target\classes started by Stian in C:\Projects\rpi-greenhouse)
2019-12-01 10:10:41,745 INFO com.rpigreenhouse.RpiGreenhouseApplication The following profiles are active: local
2019-12-01 10:10:43,614 INFO com.zaxxer.hikari.HikariDataSource HikariPool-1 - Starting...
2019-12-01 10:10:43,817 INFO com.zaxxer.hikari.HikariDataSource HikariPool-1 - Start completed.
2019-12-01 10:10:43,873 INFO org.hibernate.jpa.internal.util.LogHelper HHH000204: Processing PersistenceUnitInfo [
	name: default
	...]
2019-12-01 10:10:43,930 INFO org.hibernate.Version HHH000412: Hibernate Core {5.3.10.Final}
2019-12-01 10:10:43,931 INFO org.hibernate.cfg.Environment HHH000206: hibernate.properties not found
2019-12-01 10:10:44,054 INFO org.hibernate.annotations.common.Version HCANN000001: Hibernate Commons Annotations {5.0.4.Final}
2019-12-01 10:10:44,322 INFO org.hibernate.dialect.Dialect HHH000400: Using dialect: org.hibernate.dialect.H2Dialect
2019-12-01 10:10:44,653 INFO org.hibernate.tuple.PojoInstantiator HHH000182: No default (no-argument) constructor for class: com.rpigreenhouse.consumer.WeatherStatus (class must be instantiated by Interceptor)
2019-12-01 10:10:44,917 INFO org.hibernate.tool.schema.internal.SchemaCreatorImpl HHH000476: Executing import script 'org.hibernate.tool.schema.internal.exec.ScriptSourceInputNonExistentImpl@4adcc981'
2019-12-01 10:10:45,259 INFO org.apache.coyote.http11.Http11NioProtocol Initializing ProtocolHandler ["http-nio-8081"]
2019-12-01 10:10:45,267 INFO org.apache.catalina.core.StandardService Starting service [Tomcat]
2019-12-01 10:10:45,267 INFO org.apache.catalina.core.StandardEngine Starting Servlet engine: [Apache Tomcat/9.0.21]
2019-12-01 10:10:45,360 INFO org.apache.catalina.core.ContainerBase.[Tomcat].[localhost].[/] Initializing Spring embedded WebApplicationContext
2019-12-01 10:10:54,457 INFO com.rpigreenhouse.GreenhouseLogger Sensorschedule com.rpigreenhouse.managers.sensor.DispenserLevelSensor was started
2019-12-01 10:10:54,984 INFO org.apache.coyote.http11.Http11NioProtocol Starting ProtocolHandler ["http-nio-8081"]
2019-12-01 10:10:55,009 INFO com.rpigreenhouse.RpiGreenhouseApplication Started RpiGreenhouseApplication in 13.7 seconds (JVM running for 14.753)
2019-12-01 10:18:15,182 INFO org.apache.catalina.core.ContainerBase.[Tomcat].[localhost].[/] Initializing Spring DispatcherServlet 'dispatcherServlet'
2019-12-01 10:18:21,311 INFO org.hibernate.hql.internal.QueryTranslatorFactoryInitiator HHH000397: Using ASTQueryTranslatorFactory
2019-12-01 10:18:24,096 ERROR org.apache.catalina.core.ContainerBase.[Tomcat].[localhost].[/].[dispatcherServlet] Servlet.service() for servlet [dispatcherServlet] in context with path [] threw exception [Request processing failed; nested exception is java.lang.NullPointerException] with root cause
java.lang.NullPointerException: null
	at java.time.temporal.ChronoUnit.between(ChronoUnit.java:272)
	at com.rpigreenhouse.storage.plant.Plant.getMaturityPercentage(Plant.java:66)
	at com.rpigreenhouse.controller.PlantTo.<init>(PlantTo.java:32)
	at java.util.stream.ReferencePipeline$3$1.accept(ReferencePipeline.java:193)
	at java.util.ArrayList$ArrayListSpliterator.forEachRemaining(ArrayList.java:1382)
	at java.util.stream.AbstractPipeline.copyInto(AbstractPipeline.java:482)
	at java.util.stream.AbstractPipeline.wrapAndCopyInto(AbstractPipeline.java:472)
	at java.util.stream.ReduceOps$ReduceOp.evaluateSequential(ReduceOps.java:708)
	at java.util.stream.AbstractPipeline.evaluate(AbstractPipeline.java:234)
	at java.util.stream.ReferencePipeline.collect(ReferencePipeline.java:499)
	at com.rpigreenhouse.controller.PlantController.getPlants(PlantController.java:29)
	at sun.reflect.NativeMethodAccessorImpl.invoke0(Native Method)
	at sun.reflect.NativeMethodAccessorImpl.invoke(NativeMethodAccessorImpl.java:62)
	at sun.reflect.DelegatingMethodAccessorImpl.invoke(DelegatingMethodAccessorImpl.java:43)
	at java.lang.reflect.Method.invoke(Method.java:498)
	at org.springframework.web.method.support.InvocableHandlerMethod.doInvoke(InvocableHandlerMethod.java:190)
	at org.springframework.web.method.support.InvocableHandlerMethod.invokeForRequest(InvocableHandlerMethod.java:138)
	at org.springframework.web.servlet.mvc.method.annotation.ServletInvocableHandlerMethod.invokeAndHandle(ServletInvocableHandlerMethod.java:104)
	at org.springframework.web.servlet.mvc.method.annotation.RequestMappingHandlerAdapter.invokeHandlerMethod(RequestMappingHandlerAdapter.java:892)
	at org.springframework.web.servlet.mvc.method.annotation.RequestMappingHandlerAdapter.handleInternal(RequestMappingHandlerAdapter.java:797)
	at org.springframework.web.servlet.mvc.method.AbstractHandlerMethodAdapter.handle(AbstractHandlerMethodAdapter.java:87)
	at org.springframework.web.servlet.DispatcherServlet.doDispatch(DispatcherServlet.java:1039)
	at org.springframework.web.servlet.DispatcherServlet.doService(DispatcherServlet.java:942)
	at org.springframework.web.servlet.FrameworkServlet.processRequest(FrameworkServlet.java:1005)
	at org.springframework.web.servlet.FrameworkServlet.doGet(FrameworkServlet.java:897)
	at javax.servlet.http.HttpServlet.service(HttpServlet.java:634)
	at org.springframework.web.servlet.FrameworkServlet.service(FrameworkServlet.java:882)
	at javax.servlet.http.HttpServlet.service(HttpServlet.java:741)
	at org.apache.catalina.core.ApplicationFilterChain.internalDoFilter(ApplicationFilterChain.java:231)
	at org.apache.catalina.core.ApplicationFilterChain.doFilter(ApplicationFilterChain.java:166)
	at org.apache.tomcat.websocket.server.WsFilter.doFilter(WsFilter.java:53)
	at org.apache.catalina.core.ApplicationFilterChain.internalDoFilter(ApplicationFilterChain.java:193)
	at org.apache.catalina.core.ApplicationFilterChain.doFilter(ApplicationFilterChain.java:166)
	at org.springframework.boot.actuate.web.trace.servlet.HttpTraceFilter.doFilterInternal(HttpTraceFilter.java:88)
	at org.springframework.web.filter.OncePerRequestFilter.doFilter(OncePerRequestFilter.java:109)
	at org.apache.catalina.core.ApplicationFilterChain.internalDoFilter(ApplicationFilterChain.java:193)
	at org.apache.catalina.core.ApplicationFilterChain.doFilter(ApplicationFilterChain.java:166)
	at org.springframework.web.filter.RequestContextFilter.doFilterInternal(RequestContextFilter.java:99)
	at org.springframework.web.filter.OncePerRequestFilter.doFilter(OncePerRequestFilter.java:109)
	at org.apache.catalina.core.ApplicationFilterChain.internalDoFilter(ApplicationFilterChain.java:193)
	at org.apache.catalina.core.ApplicationFilterChain.doFilter(ApplicationFilterChain.java:166)
	at org.springframework.web.filter.FormContentFilter.doFilterInternal(FormContentFilter.java:92)
	at org.springframework.web.filter.OncePerRequestFilter.doFilter(OncePerRequestFilter.java:109)
	at org.apache.catalina.core.ApplicationFilterChain.internalDoFilter(ApplicationFilterChain.java:193)
	at org.apache.catalina.core.ApplicationFilterChain.doFilter(ApplicationFilterChain.java:166)
	at org.springframework.web.filter.HiddenHttpMethodFilter.doFilterInternal(HiddenHttpMethodFilter.java:93)
	at org.springframework.web.filter.OncePerRequestFilter.doFilter(OncePerRequestFilter.java:109)
	at org.apache.catalina.core.ApplicationFilterChain.internalDoFilter(ApplicationFilterChain.java:193)
	at org.apache.catalina.core.ApplicationFilterChain.doFilter(ApplicationFilterChain.java:166)
	at org.springframework.boot.actuate.metrics.web.servlet.WebMvcMetricsFilter.filterAndRecordMetrics(WebMvcMetricsFilter.java:114)
	at org.springframework.boot.actuate.metrics.web.servlet.WebMvcMetricsFilter.doFilterInternal(WebMvcMetricsFilter.java:104)
	at org.springframework.web.filter.OncePerRequestFilter.doFilter(OncePerRequestFilter.java:109)
	at org.apache.catalina.core.ApplicationFilterChain.internalDoFilter(ApplicationFilterChain.java:193)
	at org.apache.catalina.core.ApplicationFilterChain.doFilter(ApplicationFilterChain.java:166)
	at org.springframework.web.filter.CharacterEncodingFilter.doFilterInternal(CharacterEncodingFilter.java:200)
	at org.springframework.web.filter.OncePerRequestFilter.doFilter(OncePerRequestFilter.java:109)
	at org.apache.catalina.core.ApplicationFilterChain.internalDoFilter(ApplicationFilterChain.java:193)
	at org.apache.catalina.core.ApplicationFilterChain.doFilter(ApplicationFilterChain.java:166)
	at org.apache.catalina.core.StandardWrapperValve.invoke(StandardWrapperValve.java:202)
	at org.apache.catalina.core.StandardContextValve.invoke(StandardContextValve.java:96)
	at org.apache.catalina.authenticator.AuthenticatorBase.invoke(AuthenticatorBase.java:490)
	at org.apache.catalina.core.StandardHostValve.invoke(StandardHostValve.java:139)
	at org.apache.catalina.valves.ErrorReportValve.invoke(ErrorReportValve.java:92)
	at org.apache.catalina.core.StandardEngineValve.invoke(StandardEngineValve.java:74)
	at org.apache.catalina.connector.CoyoteAdapter.service(CoyoteAdapter.java:343)
	at org.apache.coyote.http11.Http11Processor.service(Http11Processor.java:408)
	at org.apache.coyote.AbstractProcessorLight.process(AbstractProcessorLight.java:66)
	at org.apache.coyote.AbstractProtocol$ConnectionHandler.process(AbstractProtocol.java:853)
	at org.apache.tomcat.util.net.NioEndpoint$SocketProcessor.doRun(NioEndpoint.java:1587)
	at org.apache.tomcat.util.net.SocketProcessorBase.run(SocketProcessorBase.java:49)
	at java.util.concurrent.ThreadPoolExecutor.runWorker(ThreadPoolExecutor.java:1149)
	at java.util.concurrent.ThreadPoolExecutor$Worker.run(ThreadPoolExecutor.java:624)
	at org.apache.tomcat.util.threads.TaskThread$WrappingRunnable.run(TaskThread.java:61)
	at java.lang.Thread.run(Thread.java:748)
2019-12-01 10:20:37,108 WARN com.zaxxer.hikari.pool.HikariPool HikariPool-1 - Thread starvation or clock leap detected (housekeeper delta=1m53s171ms904µs600ns).
2019-12-01 10:20:37,110 ERROR org.apache.catalina.core.ContainerBase.[Tomcat].[localhost].[/].[dispatcherServlet] Servlet.service() for servlet [dispatcherServlet] in context with path [] threw exception [Request processing failed; nested exception is java.lang.NullPointerException] with root cause
java.lang.NullPointerException: null
	at java.time.temporal.ChronoUnit.between(ChronoUnit.java:272)
	at com.rpigreenhouse.storage.plant.Plant.getMaturityPercentage(Plant.java:66)
	at com.rpigreenhouse.controller.PlantTo.<init>(PlantTo.java:32)
	at java.util.stream.ReferencePipeline$3$1.accept(ReferencePipeline.java:193)
	at java.util.ArrayList$ArrayListSpliterator.forEachRemaining(ArrayList.java:1382)
	at java.util.stream.AbstractPipeline.copyInto(AbstractPipeline.java:482)
	at java.util.stream.AbstractPipeline.wrapAndCopyInto(AbstractPipeline.java:472)
	at java.util.stream.ReduceOps$ReduceOp.evaluateSequential(ReduceOps.java:708)
	at java.util.stream.AbstractPipeline.evaluate(AbstractPipeline.java:234)
	at java.util.stream.ReferencePipeline.collect(ReferencePipeline.java:499)
	at com.rpigreenhouse.controller.PlantController.getPlants(PlantController.java:29)
	at sun.reflect.NativeMethodAccessorImpl.invoke0(Native Method)
	at sun.reflect.NativeMethodAccessorImpl.invoke(NativeMethodAccessorImpl.java:62)
	at sun.reflect.DelegatingMethodAccessorImpl.invoke(DelegatingMethodAccessorImpl.java:43)
	at java.lang.reflect.Method.invoke(Method.java:498)
	at org.springframework.web.method.support.InvocableHandlerMethod.doInvoke(InvocableHandlerMethod.java:190)
	at org.springframework.web.method.support.InvocableHandlerMethod.invokeForRequest(InvocableHandlerMethod.java:138)
	at org.springframework.web.servlet.mvc.method.annotation.ServletInvocableHandlerMethod.invokeAndHandle(ServletInvocableHandlerMethod.java:104)
	at org.springframework.web.servlet.mvc.method.annotation.RequestMappingHandlerAdapter.invokeHandlerMethod(RequestMappingHandlerAdapter.java:892)
	at org.springframework.web.servlet.mvc.method.annotation.RequestMappingHandlerAdapter.handleInternal(RequestMappingHandlerAdapter.java:797)
	at org.springframework.web.servlet.mvc.method.AbstractHandlerMethodAdapter.handle(AbstractHandlerMethodAdapter.java:87)
	at org.springframework.web.servlet.DispatcherServlet.doDispatch(DispatcherServlet.java:1039)
	at org.springframework.web.servlet.DispatcherServlet.doService(DispatcherServlet.java:942)
	at org.springframework.web.servlet.FrameworkServlet.processRequest(FrameworkServlet.java:1005)
	at org.springframework.web.servlet.FrameworkServlet.doGet(FrameworkServlet.java:897)
	at javax.servlet.http.HttpServlet.service(HttpServlet.java:634)
	at org.springframework.web.servlet.FrameworkServlet.service(FrameworkServlet.java:882)
	at javax.servlet.http.HttpServlet.service(HttpServlet.java:741)
	at org.apache.catalina.core.ApplicationFilterChain.internalDoFilter(ApplicationFilterChain.java:231)
	at org.apache.catalina.core.ApplicationFilterChain.doFilter(ApplicationFilterChain.java:166)
	at org.apache.tomcat.websocket.server.WsFilter.doFilter(WsFilter.java:53)
	at org.apache.catalina.core.ApplicationFilterChain.internalDoFilter(ApplicationFilterChain.java:193)
	at org.apache.catalina.core.ApplicationFilterChain.doFilter(ApplicationFilterChain.java:166)
	at org.springframework.boot.actuate.web.trace.servlet.HttpTraceFilter.doFilterInternal(HttpTraceFilter.java:88)
	at org.springframework.web.filter.OncePerRequestFilter.doFilter(OncePerRequestFilter.java:109)
	at org.apache.catalina.core.ApplicationFilterChain.internalDoFilter(ApplicationFilterChain.java:193)
	at org.apache.catalina.core.ApplicationFilterChain.doFilter(ApplicationFilterChain.java:166)
	at org.springframework.web.filter.RequestContextFilter.doFilterInternal(RequestContextFilter.java:99)
	at org.springframework.web.filter.OncePerRequestFilter.doFilter(OncePerRequestFilter.java:109)
	at org.apache.catalina.core.ApplicationFilterChain.internalDoFilter(ApplicationFilterChain.java:193)
	at org.apache.catalina.core.ApplicationFilterChain.doFilter(ApplicationFilterChain.java:166)
	at org.springframework.web.filter.FormContentFilter.doFilterInternal(FormContentFilter.java:92)
	at org.springframework.web.filter.OncePerRequestFilter.doFilter(OncePerRequestFilter.java:109)
	at org.apache.catalina.core.ApplicationFilterChain.internalDoFilter(ApplicationFilterChain.java:193)
	at org.apache.catalina.core.ApplicationFilterChain.doFilter(ApplicationFilterChain.java:166)
	at org.springframework.web.filter.HiddenHttpMethodFilter.doFilterInternal(HiddenHttpMethodFilter.java:93)
	at org.springframework.web.filter.OncePerRequestFilter.doFilter(OncePerRequestFilter.java:109)
	at org.apache.catalina.core.ApplicationFilterChain.internalDoFilter(ApplicationFilterChain.java:193)
	at org.apache.catalina.core.ApplicationFilterChain.doFilter(ApplicationFilterChain.java:166)
	at org.springframework.boot.actuate.metrics.web.servlet.WebMvcMetricsFilter.filterAndRecordMetrics(WebMvcMetricsFilter.java:114)
	at org.springframework.boot.actuate.metrics.web.servlet.WebMvcMetricsFilter.doFilterInternal(WebMvcMetricsFilter.java:104)
	at org.springframework.web.filter.OncePerRequestFilter.doFilter(OncePerRequestFilter.java:109)
	at org.apache.catalina.core.ApplicationFilterChain.internalDoFilter(ApplicationFilterChain.java:193)
	at org.apache.catalina.core.ApplicationFilterChain.doFilter(ApplicationFilterChain.java:166)
	at org.springframework.web.filter.CharacterEncodingFilter.doFilterInternal(CharacterEncodingFilter.java:200)
	at org.springframework.web.filter.OncePerRequestFilter.doFilter(OncePerRequestFilter.java:109)
	at org.apache.catalina.core.ApplicationFilterChain.internalDoFilter(ApplicationFilterChain.java:193)
	at org.apache.catalina.core.ApplicationFilterChain.doFilter(ApplicationFilterChain.java:166)
	at org.apache.catalina.core.StandardWrapperValve.invoke(StandardWrapperValve.java:202)
	at org.apache.catalina.core.StandardContextValve.invoke(StandardContextValve.java:96)
	at org.apache.catalina.authenticator.AuthenticatorBase.invoke(AuthenticatorBase.java:490)
	at org.apache.catalina.core.StandardHostValve.invoke(StandardHostValve.java:139)
	at org.apache.catalina.valves.ErrorReportValve.invoke(ErrorReportValve.java:92)
	at org.apache.catalina.core.StandardEngineValve.invoke(StandardEngineValve.java:74)
	at org.apache.catalina.connector.CoyoteAdapter.service(CoyoteAdapter.java:343)
	at org.apache.coyote.http11.Http11Processor.service(Http11Processor.java:408)
	at org.apache.coyote.AbstractProcessorLight.process(AbstractProcessorLight.java:66)
	at org.apache.coyote.AbstractProtocol$ConnectionHandler.process(AbstractProtocol.java:853)
	at org.apache.tomcat.util.net.NioEndpoint$SocketProcessor.doRun(NioEndpoint.java:1587)
	at org.apache.tomcat.util.net.SocketProcessorBase.run(SocketProcessorBase.java:49)
	at java.util.concurrent.ThreadPoolExecutor.runWorker(ThreadPoolExecutor.java:1149)
	at java.util.concurrent.ThreadPoolExecutor$Worker.run(ThreadPoolExecutor.java:624)
	at org.apache.tomcat.util.threads.TaskThread$WrappingRunnable.run(TaskThread.java:61)
	at java.lang.Thread.run(Thread.java:748)
2019-12-01 10:20:37,267 INFO com.rpigreenhouse.GreenhouseLogger Setting all pins low
2019-12-01 10:20:37,268 INFO org.hibernate.tool.schema.internal.SchemaDropperImpl$DelayedDropActionImpl HHH000477: Starting delayed evictData of schema as part of SessionFactory shut-down'
2019-12-01 10:20:37,284 WARN org.hibernate.engine.jdbc.spi.SqlExceptionHelper SQL Error: 90121, SQLState: 90121
2019-12-01 10:20:37,284 ERROR org.hibernate.engine.jdbc.spi.SqlExceptionHelper Database is already closed (to disable automatic closing at VM shutdown, add ";DB_CLOSE_ON_EXIT=FALSE" to the db URL) [90121-199]
2019-12-01 10:20:37,284 WARN org.hibernate.engine.jdbc.spi.SqlExceptionHelper SQL Error: 90121, SQLState: 90121
2019-12-01 10:20:37,284 ERROR org.hibernate.engine.jdbc.spi.SqlExceptionHelper Database is already closed (to disable automatic closing at VM shutdown, add ";DB_CLOSE_ON_EXIT=FALSE" to the db URL) [90121-199]
2019-12-01 10:20:37,284 INFO com.zaxxer.hikari.HikariDataSource HikariPool-1 - Shutdown initiated...
2019-12-01 10:20:37,284 INFO com.zaxxer.hikari.HikariDataSource HikariPool-1 - Shutdown completed.
2019-12-01 10:20:40,650 INFO com.rpigreenhouse.RpiGreenhouseApplication Starting RpiGreenhouseApplication on DESKTOP-U4NIDCR with PID 8344 (C:\Projects\rpi-greenhouse\app\target\classes started by Stian in C:\Projects\rpi-greenhouse)
2019-12-01 10:20:40,652 INFO com.rpigreenhouse.RpiGreenhouseApplication The following profiles are active: local
2019-12-01 10:20:42,164 INFO com.zaxxer.hikari.HikariDataSource HikariPool-1 - Starting...
2019-12-01 10:20:42,460 INFO com.zaxxer.hikari.HikariDataSource HikariPool-1 - Start completed.
2019-12-01 10:20:42,535 INFO org.hibernate.jpa.internal.util.LogHelper HHH000204: Processing PersistenceUnitInfo [
	name: default
	...]
2019-12-01 10:20:42,596 INFO org.hibernate.Version HHH000412: Hibernate Core {5.3.10.Final}
2019-12-01 10:20:42,597 INFO org.hibernate.cfg.Environment HHH000206: hibernate.properties not found
2019-12-01 10:20:42,720 INFO org.hibernate.annotations.common.Version HCANN000001: Hibernate Commons Annotations {5.0.4.Final}
2019-12-01 10:20:42,983 INFO org.hibernate.dialect.Dialect HHH000400: Using dialect: org.hibernate.dialect.H2Dialect
2019-12-01 10:20:43,318 INFO org.hibernate.tuple.PojoInstantiator HHH000182: No default (no-argument) constructor for class: com.rpigreenhouse.consumer.WeatherStatus (class must be instantiated by Interceptor)
2019-12-01 10:20:43,576 INFO org.hibernate.tool.schema.internal.SchemaCreatorImpl HHH000476: Executing import script 'org.hibernate.tool.schema.internal.exec.ScriptSourceInputNonExistentImpl@649009d6'
2019-12-01 10:20:43,986 INFO org.apache.coyote.http11.Http11NioProtocol Initializing ProtocolHandler ["http-nio-8081"]
2019-12-01 10:20:43,996 INFO org.apache.catalina.core.StandardService Starting service [Tomcat]
2019-12-01 10:20:43,997 INFO org.apache.catalina.core.StandardEngine Starting Servlet engine: [Apache Tomcat/9.0.21]
2019-12-01 10:20:44,120 INFO org.apache.catalina.core.ContainerBase.[Tomcat].[localhost].[/] Initializing Spring embedded WebApplicationContext
2019-12-01 10:20:44,824 INFO com.rpigreenhouse.GreenhouseLogger Sensorschedule com.rpigreenhouse.managers.sensor.DispenserLevelSensor was started
2019-12-01 10:20:45,557 INFO org.apache.coyote.http11.Http11NioProtocol Starting ProtocolHandler ["http-nio-8081"]
2019-12-01 10:20:45,580 INFO com.rpigreenhouse.RpiGreenhouseApplication Started RpiGreenhouseApplication in 5.299 seconds (JVM running for 5.784)
2019-12-01 10:21:48,761 INFO org.apache.catalina.core.ContainerBase.[Tomcat].[localhost].[/] Initializing Spring DispatcherServlet 'dispatcherServlet'
2019-12-01 10:21:48,837 INFO org.hibernate.hql.internal.QueryTranslatorFactoryInitiator HHH000397: Using ASTQueryTranslatorFactory
2019-12-01 10:53:20,149 INFO com.rpigreenhouse.GreenhouseLogger Setting all pins low
2019-12-01 10:53:20,150 INFO org.hibernate.tool.schema.internal.SchemaDropperImpl$DelayedDropActionImpl HHH000477: Starting delayed evictData of schema as part of SessionFactory shut-down'
2019-12-01 10:53:20,427 INFO com.zaxxer.hikari.HikariDataSource HikariPool-1 - Shutdown initiated...
2019-12-01 10:53:20,652 INFO com.zaxxer.hikari.HikariDataSource HikariPool-1 - Shutdown completed.
2019-12-01 11:11:00,096 INFO com.rpigreenhouse.RpiGreenhouseApplication Starting RpiGreenhouseApplication on DESKTOP-U4NIDCR with PID 6956 (C:\Projects\rpi-greenhouse\app\target\classes started by Stian in C:\Projects\rpi-greenhouse)
2019-12-01 11:11:00,098 INFO com.rpigreenhouse.RpiGreenhouseApplication The following profiles are active: local
2019-12-01 11:11:01,403 INFO com.zaxxer.hikari.HikariDataSource HikariPool-1 - Starting...
2019-12-01 11:11:01,608 INFO com.zaxxer.hikari.HikariDataSource HikariPool-1 - Start completed.
2019-12-01 11:11:01,669 INFO org.hibernate.jpa.internal.util.LogHelper HHH000204: Processing PersistenceUnitInfo [
	name: default
	...]
2019-12-01 11:11:01,729 INFO org.hibernate.Version HHH000412: Hibernate Core {5.3.10.Final}
2019-12-01 11:11:01,730 INFO org.hibernate.cfg.Environment HHH000206: hibernate.properties not found
2019-12-01 11:11:01,851 INFO org.hibernate.annotations.common.Version HCANN000001: Hibernate Commons Annotations {5.0.4.Final}
2019-12-01 11:11:02,112 INFO org.hibernate.dialect.Dialect HHH000400: Using dialect: org.hibernate.dialect.H2Dialect
2019-12-01 11:11:02,447 INFO org.hibernate.tuple.PojoInstantiator HHH000182: No default (no-argument) constructor for class: com.rpigreenhouse.storage.WeatherStatusDao (class must be instantiated by Interceptor)
2019-12-01 11:11:02,724 INFO org.hibernate.tool.schema.internal.SchemaCreatorImpl HHH000476: Executing import script 'org.hibernate.tool.schema.internal.exec.ScriptSourceInputNonExistentImpl@7296fe0b'
2019-12-01 11:11:03,074 INFO org.apache.coyote.http11.Http11NioProtocol Initializing ProtocolHandler ["http-nio-8081"]
2019-12-01 11:11:03,084 INFO org.apache.catalina.core.StandardService Starting service [Tomcat]
2019-12-01 11:11:03,084 INFO org.apache.catalina.core.StandardEngine Starting Servlet engine: [Apache Tomcat/9.0.21]
2019-12-01 11:11:03,181 INFO org.apache.catalina.core.ContainerBase.[Tomcat].[localhost].[/] Initializing Spring embedded WebApplicationContext
2019-12-01 11:11:03,740 INFO com.rpigreenhouse.GreenhouseLogger Sensorschedule com.rpigreenhouse.managers.sensor.DispenserLevelSensor was started
2019-12-01 11:11:04,245 INFO org.apache.coyote.http11.Http11NioProtocol Starting ProtocolHandler ["http-nio-8081"]
2019-12-01 11:11:04,268 INFO com.rpigreenhouse.RpiGreenhouseApplication Started RpiGreenhouseApplication in 4.478 seconds (JVM running for 4.909)
2019-12-01 11:12:01,408 INFO com.rpigreenhouse.GreenhouseLogger Setting all pins low
2019-12-01 11:12:01,410 INFO org.hibernate.tool.schema.internal.SchemaDropperImpl$DelayedDropActionImpl HHH000477: Starting delayed evictData of schema as part of SessionFactory shut-down'
2019-12-01 11:12:01,424 INFO com.zaxxer.hikari.HikariDataSource HikariPool-1 - Shutdown initiated...
2019-12-01 11:12:01,678 INFO com.zaxxer.hikari.HikariDataSource HikariPool-1 - Shutdown completed.
