2019-11-30 22:24:56,888 INFO com.rpigreenhouse.RpiGreenhouseApplication Starting RpiGreenhouseApplication on DESKTOP-U4NIDCR with PID 16332 (C:\Projects\rpi-greenhouse\app\target\classes started by Stian in C:\Projects\rpi-greenhouse)
2019-11-30 22:24:56,888 INFO com.rpigreenhouse.RpiGreenhouseApplication The following profiles are active: local
2019-11-30 22:24:59,601 INFO com.zaxxer.hikari.HikariDataSource HikariPool-1 - Starting...
2019-11-30 22:24:59,866 INFO com.zaxxer.hikari.HikariDataSource HikariPool-1 - Start completed.
2019-11-30 22:24:59,991 INFO org.hibernate.jpa.internal.util.LogHelper HHH000204: Processing PersistenceUnitInfo [
	name: default
	...]
2019-11-30 22:25:00,101 INFO org.hibernate.Version HHH000412: Hibernate Core {5.3.10.Final}
2019-11-30 22:25:00,101 INFO org.hibernate.cfg.Environment HHH000206: hibernate.properties not found
2019-11-30 22:25:00,460 INFO org.hibernate.annotations.common.Version HCANN000001: Hibernate Commons Annotations {5.0.4.Final}
2019-11-30 22:25:00,838 INFO org.hibernate.dialect.Dialect HHH000400: Using dialect: org.hibernate.dialect.H2Dialect
2019-11-30 22:25:01,398 INFO org.hibernate.tuple.PojoInstantiator HHH000182: No default (no-argument) constructor for class: com.rpigreenhouse.consumer.WeatherStatus (class must be instantiated by Interceptor)
2019-11-30 22:25:01,784 INFO org.hibernate.tool.schema.internal.SchemaCreatorImpl HHH000476: Executing import script 'org.hibernate.tool.schema.internal.exec.ScriptSourceInputNonExistentImpl@c568f91'
2019-11-30 22:25:02,452 INFO org.apache.coyote.http11.Http11NioProtocol Initializing ProtocolHandler ["http-nio-8081"]
2019-11-30 22:25:02,463 INFO org.apache.catalina.core.StandardService Starting service [Tomcat]
2019-11-30 22:25:02,464 INFO org.apache.catalina.core.StandardEngine Starting Servlet engine: [Apache Tomcat/9.0.21]
2019-11-30 22:25:02,594 INFO org.apache.catalina.core.ContainerBase.[Tomcat].[localhost].[/] Initializing Spring embedded WebApplicationContext
2019-11-30 22:25:03,376 INFO com.rpigreenhouse.GreenhouseLogger Sensorschedule com.rpigreenhouse.managers.sensor.DispenserLevelSensor was started
2019-11-30 22:25:03,903 INFO org.apache.coyote.http11.Http11NioProtocol Starting ProtocolHandler ["http-nio-8081"]
2019-11-30 22:25:03,933 INFO com.rpigreenhouse.RpiGreenhouseApplication Started RpiGreenhouseApplication in 7.774 seconds (JVM running for 8.375)
2019-11-30 22:32:18,072 INFO com.rpigreenhouse.RpiGreenhouseApplication Starting RpiGreenhouseApplication on DESKTOP-U4NIDCR with PID 3000 (C:\Projects\rpi-greenhouse\app\target\classes started by Stian in C:\Projects\rpi-greenhouse)
2019-11-30 22:32:18,072 INFO com.rpigreenhouse.RpiGreenhouseApplication The following profiles are active: local
2019-11-30 22:32:19,263 INFO com.zaxxer.hikari.HikariDataSource HikariPool-1 - Starting...
2019-11-30 22:32:19,433 INFO com.zaxxer.hikari.HikariDataSource HikariPool-1 - Start completed.
2019-11-30 22:32:19,496 INFO org.hibernate.jpa.internal.util.LogHelper HHH000204: Processing PersistenceUnitInfo [
	name: default
	...]
2019-11-30 22:32:19,558 INFO org.hibernate.Version HHH000412: Hibernate Core {5.3.10.Final}
2019-11-30 22:32:19,558 INFO org.hibernate.cfg.Environment HHH000206: hibernate.properties not found
2019-11-30 22:32:19,667 INFO org.hibernate.annotations.common.Version HCANN000001: Hibernate Commons Annotations {5.0.4.Final}
2019-11-30 22:32:19,902 INFO org.hibernate.dialect.Dialect HHH000400: Using dialect: org.hibernate.dialect.H2Dialect
2019-11-30 22:32:20,183 INFO org.hibernate.tuple.PojoInstantiator HHH000182: No default (no-argument) constructor for class: com.rpigreenhouse.consumer.WeatherStatus (class must be instantiated by Interceptor)
2019-11-30 22:32:20,398 INFO org.hibernate.tool.schema.internal.SchemaCreatorImpl HHH000476: Executing import script 'org.hibernate.tool.schema.internal.exec.ScriptSourceInputNonExistentImpl@6fbf5db2'
2019-11-30 22:32:20,679 INFO org.apache.coyote.http11.Http11NioProtocol Initializing ProtocolHandler ["http-nio-8081"]
2019-11-30 22:32:20,695 INFO org.apache.catalina.core.StandardService Starting service [Tomcat]
2019-11-30 22:32:20,695 INFO org.apache.catalina.core.StandardEngine Starting Servlet engine: [Apache Tomcat/9.0.21]
2019-11-30 22:32:20,788 INFO org.apache.catalina.core.ContainerBase.[Tomcat].[localhost].[/] Initializing Spring embedded WebApplicationContext
2019-11-30 22:32:21,297 INFO com.rpigreenhouse.GreenhouseLogger Sensorschedule com.rpigreenhouse.managers.sensor.DispenserLevelSensor was started
2019-11-30 22:32:21,696 INFO org.apache.coyote.http11.Http11NioProtocol Starting ProtocolHandler ["http-nio-8081"]
2019-11-30 22:32:21,711 INFO com.rpigreenhouse.RpiGreenhouseApplication Started RpiGreenhouseApplication in 3.904 seconds (JVM running for 4.289)
2019-11-30 22:33:05,980 INFO com.rpigreenhouse.RpiGreenhouseApplication Starting RpiGreenhouseApplication on DESKTOP-U4NIDCR with PID 14568 (C:\Projects\rpi-greenhouse\app\target\classes started by Stian in C:\Projects\rpi-greenhouse)
2019-11-30 22:33:05,980 INFO com.rpigreenhouse.RpiGreenhouseApplication The following profiles are active: local
2019-11-30 22:33:07,270 INFO com.zaxxer.hikari.HikariDataSource HikariPool-1 - Starting...
2019-11-30 22:33:07,444 INFO com.zaxxer.hikari.HikariDataSource HikariPool-1 - Start completed.
2019-11-30 22:33:07,491 INFO org.hibernate.jpa.internal.util.LogHelper HHH000204: Processing PersistenceUnitInfo [
	name: default
	...]
2019-11-30 22:33:07,552 INFO org.hibernate.Version HHH000412: Hibernate Core {5.3.10.Final}
2019-11-30 22:33:07,552 INFO org.hibernate.cfg.Environment HHH000206: hibernate.properties not found
2019-11-30 22:33:07,662 INFO org.hibernate.annotations.common.Version HCANN000001: Hibernate Commons Annotations {5.0.4.Final}
2019-11-30 22:33:07,896 INFO org.hibernate.dialect.Dialect HHH000400: Using dialect: org.hibernate.dialect.H2Dialect
2019-11-30 22:33:08,177 INFO org.hibernate.tuple.PojoInstantiator HHH000182: No default (no-argument) constructor for class: com.rpigreenhouse.consumer.WeatherStatus (class must be instantiated by Interceptor)
2019-11-30 22:33:08,382 INFO org.hibernate.tool.schema.internal.SchemaCreatorImpl HHH000476: Executing import script 'org.hibernate.tool.schema.internal.exec.ScriptSourceInputNonExistentImpl@60591e1b'
2019-11-30 22:33:08,680 INFO org.apache.coyote.http11.Http11NioProtocol Initializing ProtocolHandler ["http-nio-8081"]
2019-11-30 22:33:08,696 INFO org.apache.catalina.core.StandardService Starting service [Tomcat]
2019-11-30 22:33:08,696 INFO org.apache.catalina.core.StandardEngine Starting Servlet engine: [Apache Tomcat/9.0.21]
2019-11-30 22:33:08,805 INFO org.apache.catalina.core.ContainerBase.[Tomcat].[localhost].[/] Initializing Spring embedded WebApplicationContext
2019-11-30 22:33:09,271 INFO com.rpigreenhouse.GreenhouseLogger Sensorschedule com.rpigreenhouse.managers.sensor.DispenserLevelSensor was started
2019-11-30 22:33:09,695 INFO org.apache.coyote.http11.Http11NioProtocol Starting ProtocolHandler ["http-nio-8081"]
2019-11-30 22:33:09,710 INFO com.rpigreenhouse.RpiGreenhouseApplication Started RpiGreenhouseApplication in 3.966 seconds (JVM running for 4.334)
2019-11-30 22:35:45,240 INFO org.apache.catalina.core.ContainerBase.[Tomcat].[localhost].[/] Initializing Spring DispatcherServlet 'dispatcherServlet'
2019-11-30 22:35:45,347 INFO org.hibernate.hql.internal.QueryTranslatorFactoryInitiator HHH000397: Using ASTQueryTranslatorFactory
